mode: set
config/parser/json/json.go:11.64,13.2 1 0
config/source/github/client.go:25.35,37.2 2 0
config/source/github/client.go:39.51,40.18 1 0
config/source/github/client.go:43.2,43.19 1 0
config/source/github/client.go:40.18,42.3 1 0
config/source/github/client.go:46.74,48.16 2 0
config/source/github/client.go:52.2,52.45 1 0
config/source/github/client.go:48.16,50.3 1 0
config/source/gitlab/fetch.go:7.53,9.16 2 0
config/source/gitlab/fetch.go:12.2,12.18 1 0
config/source/gitlab/fetch.go:9.16,11.3 1 0
config/parser/xml/xml.go:11.63,13.2 1 1
config/parser.go:15.37,16.11 1 0
config/parser.go:17.18,18.32 1 0
config/parser.go:19.10,20.34 1 0
config/source/env/env.go:10.78,12.2 1 0
config/source/file/file.go:13.45,15.2 1 0
config/source/file/file.go:17.48,21.16 3 0
config/source/file/file.go:25.2,25.29 1 0
config/source/file/file.go:21.16,23.3 1 0
config/source/file/file.go:28.78,30.16 2 0
config/source/file/file.go:34.2,34.45 1 0
config/source/file/file.go:30.16,32.3 1 0
config/source/github/fetch.go:11.53,14.16 3 0
config/source/github/fetch.go:17.2,17.62 1 0
config/source/github/fetch.go:14.16,16.3 1 0
config/source/gitlab/client.go:23.35,26.21 2 0
config/source/gitlab/client.go:29.2,32.3 1 0
config/source/gitlab/client.go:26.21,28.3 1 0
config/source/gitlab/client.go:35.51,36.18 1 0
config/source/gitlab/client.go:39.2,39.19 1 0
config/source/gitlab/client.go:36.18,38.3 1 0
config/source/gitlab/client.go:42.74,44.16 2 0
config/source/gitlab/client.go:48.2,48.45 1 0
config/source/gitlab/client.go:44.16,46.3 1 0
config/parser/yml/yml.go:11.63,13.2 1 0
config/source/aliyun-oss/client.go:37.46,39.16 2 0
config/source/aliyun-oss/client.go:43.2,44.16 2 0
config/source/aliyun-oss/client.go:47.2,51.8 1 0
config/source/aliyun-oss/client.go:39.16,41.3 1 0
config/source/aliyun-oss/client.go:44.16,46.3 1 0
config/source/aliyun-oss/client.go:54.48,55.21 1 0
config/source/aliyun-oss/client.go:58.2,58.22 1 0
config/source/aliyun-oss/client.go:55.21,57.3 1 0
config/source/aliyun-oss/client.go:61.48,62.21 1 0
config/source/aliyun-oss/client.go:65.2,65.22 1 0
config/source/aliyun-oss/client.go:62.21,64.3 1 0
config/source/aliyun-oss/client.go:68.74,70.16 2 0
config/source/aliyun-oss/client.go:74.2,74.45 1 0
config/source/aliyun-oss/client.go:70.16,72.3 1 0
config/source/aliyun-oss/file.go:3.72,5.2 1 0
config/source/aliyun-oss/file.go:7.70,9.2 1 0
config/source/aliyun-oss/object.go:9.57,11.16 2 0
config/source/aliyun-oss/object.go:14.2,17.16 3 0
config/source/aliyun-oss/object.go:21.2,21.20 1 0
config/source/aliyun-oss/object.go:25.2,25.18 1 0
config/source/aliyun-oss/object.go:11.16,13.3 1 0
config/source/aliyun-oss/object.go:17.16,19.3 1 0
config/source/aliyun-oss/object.go:21.20,23.3 1 0
config/source/aliyun-oss/object.go:28.58,30.2 1 0
config/parser/json/json.go:11.64,13.2 1 0
config/parser/yml/yml.go:11.63,13.2 1 0
config/source/aliyun-oss/file.go:3.72,5.2 1 0
config/source/aliyun-oss/file.go:7.70,9.2 1 0
config/source/aliyun-oss/object.go:9.57,11.16 2 0
config/source/aliyun-oss/object.go:14.2,17.16 3 0
config/source/aliyun-oss/object.go:21.2,21.20 1 0
config/source/aliyun-oss/object.go:25.2,25.18 1 0
config/source/aliyun-oss/object.go:11.16,13.3 1 0
config/source/aliyun-oss/object.go:17.16,19.3 1 0
config/source/aliyun-oss/object.go:21.20,23.3 1 0
config/source/aliyun-oss/object.go:28.58,30.2 1 0
config/source/github/fetch.go:11.53,14.16 3 0
config/source/github/fetch.go:17.2,17.62 1 0
config/source/github/fetch.go:14.16,16.3 1 0
config/source/gitlab/fetch.go:7.53,9.16 2 0
config/source/gitlab/fetch.go:12.2,12.18 1 0
config/source/gitlab/fetch.go:9.16,11.3 1 0
config/source/env/env.go:10.78,12.2 1 1
config/parser/xml/xml.go:11.63,13.2 1 0
config/source/file/file.go:13.45,15.2 1 0
config/source/file/file.go:17.48,21.16 3 0
config/source/file/file.go:25.2,25.29 1 0
config/source/file/file.go:21.16,23.3 1 0
config/source/file/file.go:28.78,30.16 2 0
config/source/file/file.go:34.2,34.45 1 0
config/source/file/file.go:30.16,32.3 1 0
config/source/github/client.go:25.35,37.2 2 0
config/source/github/client.go:39.51,40.18 1 0
config/source/github/client.go:43.2,43.19 1 0
config/source/github/client.go:40.18,42.3 1 0
config/source/github/client.go:46.74,48.16 2 0
config/source/github/client.go:52.2,52.45 1 0
config/source/github/client.go:48.16,50.3 1 0
config/source/gitlab/client.go:23.35,26.21 2 0
config/source/gitlab/client.go:29.2,32.3 1 0
config/source/gitlab/client.go:26.21,28.3 1 0
config/source/gitlab/client.go:35.51,36.18 1 0
config/source/gitlab/client.go:39.2,39.19 1 0
config/source/gitlab/client.go:36.18,38.3 1 0
config/source/gitlab/client.go:42.74,44.16 2 0
config/source/gitlab/client.go:48.2,48.45 1 0
config/source/gitlab/client.go:44.16,46.3 1 0
config/parser.go:15.37,16.11 1 0
config/parser.go:17.18,18.32 1 0
config/parser.go:19.10,20.34 1 0
config/source/aliyun-oss/client.go:37.46,39.16 2 0
config/source/aliyun-oss/client.go:43.2,44.16 2 0
config/source/aliyun-oss/client.go:47.2,51.8 1 0
config/source/aliyun-oss/client.go:39.16,41.3 1 0
config/source/aliyun-oss/client.go:44.16,46.3 1 0
config/source/aliyun-oss/client.go:54.48,55.21 1 0
config/source/aliyun-oss/client.go:58.2,58.22 1 0
config/source/aliyun-oss/client.go:55.21,57.3 1 0
config/source/aliyun-oss/client.go:61.48,62.21 1 0
config/source/aliyun-oss/client.go:65.2,65.22 1 0
config/source/aliyun-oss/client.go:62.21,64.3 1 0
config/source/aliyun-oss/client.go:68.74,70.16 2 0
config/source/aliyun-oss/client.go:74.2,74.45 1 0
config/source/aliyun-oss/client.go:70.16,72.3 1 0
config/parser/yml/yml.go:11.63,13.2 1 0
config/parser.go:15.37,16.11 1 0
config/parser.go:17.18,18.32 1 0
config/parser.go:19.10,20.34 1 0
config/source/github/client.go:25.35,37.2 2 0
config/source/github/client.go:39.51,40.18 1 0
config/source/github/client.go:43.2,43.19 1 0
config/source/github/client.go:40.18,42.3 1 0
config/source/github/client.go:46.74,48.16 2 0
config/source/github/client.go:52.2,52.45 1 0
config/source/github/client.go:48.16,50.3 1 0
config/source/github/fetch.go:11.53,14.16 3 0
config/source/github/fetch.go:17.2,17.62 1 0
config/source/github/fetch.go:14.16,16.3 1 0
config/source/gitlab/client.go:23.35,26.21 2 0
config/source/gitlab/client.go:29.2,32.3 1 0
config/source/gitlab/client.go:26.21,28.3 1 0
config/source/gitlab/client.go:35.51,36.18 1 0
config/source/gitlab/client.go:39.2,39.19 1 0
config/source/gitlab/client.go:36.18,38.3 1 0
config/source/gitlab/client.go:42.74,44.16 2 0
config/source/gitlab/client.go:48.2,48.45 1 0
config/source/gitlab/client.go:44.16,46.3 1 0
config/parser/xml/xml.go:11.63,13.2 1 0
config/source/aliyun-oss/client.go:37.46,39.16 2 0
config/source/aliyun-oss/client.go:43.2,44.16 2 0
config/source/aliyun-oss/client.go:47.2,51.8 1 0
config/source/aliyun-oss/client.go:39.16,41.3 1 0
config/source/aliyun-oss/client.go:44.16,46.3 1 0
config/source/aliyun-oss/client.go:54.48,55.21 1 0
config/source/aliyun-oss/client.go:58.2,58.22 1 0
config/source/aliyun-oss/client.go:55.21,57.3 1 0
config/source/aliyun-oss/client.go:61.48,62.21 1 0
config/source/aliyun-oss/client.go:65.2,65.22 1 0
config/source/aliyun-oss/client.go:62.21,64.3 1 0
config/source/aliyun-oss/client.go:68.74,70.16 2 0
config/source/aliyun-oss/client.go:74.2,74.45 1 0
config/source/aliyun-oss/client.go:70.16,72.3 1 0
config/parser/json/json.go:11.64,13.2 1 1
config/source/file/file.go:13.45,15.2 1 0
config/source/file/file.go:17.48,21.16 3 0
config/source/file/file.go:25.2,25.29 1 0
config/source/file/file.go:21.16,23.3 1 0
config/source/file/file.go:28.78,30.16 2 0
config/source/file/file.go:34.2,34.45 1 0
config/source/file/file.go:30.16,32.3 1 0
config/source/gitlab/fetch.go:7.53,9.16 2 0
config/source/gitlab/fetch.go:12.2,12.18 1 0
config/source/gitlab/fetch.go:9.16,11.3 1 0
config/source/aliyun-oss/file.go:3.72,5.2 1 0
config/source/aliyun-oss/file.go:7.70,9.2 1 0
config/source/aliyun-oss/object.go:9.57,11.16 2 0
config/source/aliyun-oss/object.go:14.2,17.16 3 0
config/source/aliyun-oss/object.go:21.2,21.20 1 0
config/source/aliyun-oss/object.go:25.2,25.18 1 0
config/source/aliyun-oss/object.go:11.16,13.3 1 0
config/source/aliyun-oss/object.go:17.16,19.3 1 0
config/source/aliyun-oss/object.go:21.20,23.3 1 0
config/source/aliyun-oss/object.go:28.58,30.2 1 0
config/source/env/env.go:10.78,12.2 1 0
config/parser/json/json.go:11.64,13.2 1 0
config/parser.go:15.37,16.11 1 0
config/parser.go:17.18,18.32 1 0
config/parser.go:19.10,20.34 1 0
config/source/aliyun-oss/file.go:3.72,5.2 1 0
config/source/aliyun-oss/file.go:7.70,9.2 1 0
config/source/env/env.go:10.78,12.2 1 0
config/parser/xml/xml.go:11.63,13.2 1 0
config/source/file/file.go:13.45,15.2 1 0
config/source/file/file.go:17.48,21.16 3 0
config/source/file/file.go:25.2,25.29 1 0
config/source/file/file.go:21.16,23.3 1 0
config/source/file/file.go:28.78,30.16 2 0
config/source/file/file.go:34.2,34.45 1 0
config/source/file/file.go:30.16,32.3 1 0
config/source/gitlab/client.go:23.35,26.21 2 0
config/source/gitlab/client.go:29.2,32.3 1 0
config/source/gitlab/client.go:26.21,28.3 1 0
config/source/gitlab/client.go:35.51,36.18 1 0
config/source/gitlab/client.go:39.2,39.19 1 0
config/source/gitlab/client.go:36.18,38.3 1 0
config/source/gitlab/client.go:42.74,44.16 2 0
config/source/gitlab/client.go:48.2,48.45 1 0
config/source/gitlab/client.go:44.16,46.3 1 0
config/source/gitlab/fetch.go:7.53,9.16 2 0
config/source/gitlab/fetch.go:12.2,12.18 1 0
config/source/gitlab/fetch.go:9.16,11.3 1 0
config/source/aliyun-oss/client.go:37.46,39.16 2 0
config/source/aliyun-oss/client.go:43.2,44.16 2 0
config/source/aliyun-oss/client.go:47.2,51.8 1 0
config/source/aliyun-oss/client.go:39.16,41.3 1 0
config/source/aliyun-oss/client.go:44.16,46.3 1 0
config/source/aliyun-oss/client.go:54.48,55.21 1 0
config/source/aliyun-oss/client.go:58.2,58.22 1 0
config/source/aliyun-oss/client.go:55.21,57.3 1 0
config/source/aliyun-oss/client.go:61.48,62.21 1 0
config/source/aliyun-oss/client.go:65.2,65.22 1 0
config/source/aliyun-oss/client.go:62.21,64.3 1 0
config/source/aliyun-oss/client.go:68.74,70.16 2 0
config/source/aliyun-oss/client.go:74.2,74.45 1 0
config/source/aliyun-oss/client.go:70.16,72.3 1 0
config/source/aliyun-oss/object.go:9.57,11.16 2 0
config/source/aliyun-oss/object.go:14.2,17.16 3 0
config/source/aliyun-oss/object.go:21.2,21.20 1 0
config/source/aliyun-oss/object.go:25.2,25.18 1 0
config/source/aliyun-oss/object.go:11.16,13.3 1 0
config/source/aliyun-oss/object.go:17.16,19.3 1 0
config/source/aliyun-oss/object.go:21.20,23.3 1 0
config/source/aliyun-oss/object.go:28.58,30.2 1 0
config/source/github/client.go:25.35,37.2 2 0
config/source/github/client.go:39.51,40.18 1 0
config/source/github/client.go:43.2,43.19 1 0
config/source/github/client.go:40.18,42.3 1 0
config/source/github/client.go:46.74,48.16 2 0
config/source/github/client.go:52.2,52.45 1 0
config/source/github/client.go:48.16,50.3 1 0
config/source/github/fetch.go:11.53,14.16 3 0
config/source/github/fetch.go:17.2,17.62 1 0
config/source/github/fetch.go:14.16,16.3 1 0
config/parser/yml/yml.go:11.63,13.2 1 1
config/source/file/file.go:13.45,15.2 1 1
config/source/file/file.go:17.48,21.16 3 1
config/source/file/file.go:25.2,25.29 1 1
config/source/file/file.go:21.16,23.3 1 0
config/source/file/file.go:28.78,30.16 2 1
config/source/file/file.go:34.2,34.45 1 1
config/source/file/file.go:30.16,32.3 1 0
config/parser/json/json.go:11.64,13.2 1 1
config/source/env/env.go:10.78,12.2 1 0
config/source/aliyun-oss/object.go:9.57,11.16 2 0
config/source/aliyun-oss/object.go:14.2,17.16 3 0
config/source/aliyun-oss/object.go:21.2,21.20 1 0
config/source/aliyun-oss/object.go:25.2,25.18 1 0
config/source/aliyun-oss/object.go:11.16,13.3 1 0
config/source/aliyun-oss/object.go:17.16,19.3 1 0
config/source/aliyun-oss/object.go:21.20,23.3 1 0
config/source/aliyun-oss/object.go:28.58,30.2 1 0
config/source/gitlab/client.go:23.35,26.21 2 0
config/source/gitlab/client.go:29.2,32.3 1 0
config/source/gitlab/client.go:26.21,28.3 1 0
config/source/gitlab/client.go:35.51,36.18 1 0
config/source/gitlab/client.go:39.2,39.19 1 0
config/source/gitlab/client.go:36.18,38.3 1 0
config/source/gitlab/client.go:42.74,44.16 2 0
config/source/gitlab/client.go:48.2,48.45 1 0
config/source/gitlab/client.go:44.16,46.3 1 0
config/parser/xml/xml.go:11.63,13.2 1 0
config/source/github/fetch.go:11.53,14.16 3 0
config/source/github/fetch.go:17.2,17.62 1 0
config/source/github/fetch.go:14.16,16.3 1 0
config/source/gitlab/fetch.go:7.53,9.16 2 0
config/source/gitlab/fetch.go:12.2,12.18 1 0
config/source/gitlab/fetch.go:9.16,11.3 1 0
config/parser/yml/yml.go:11.63,13.2 1 0
config/source/aliyun-oss/client.go:37.46,39.16 2 0
config/source/aliyun-oss/client.go:43.2,44.16 2 0
config/source/aliyun-oss/client.go:47.2,51.8 1 0
config/source/aliyun-oss/client.go:39.16,41.3 1 0
config/source/aliyun-oss/client.go:44.16,46.3 1 0
config/source/aliyun-oss/client.go:54.48,55.21 1 0
config/source/aliyun-oss/client.go:58.2,58.22 1 0
config/source/aliyun-oss/client.go:55.21,57.3 1 0
config/source/aliyun-oss/client.go:61.48,62.21 1 0
config/source/aliyun-oss/client.go:65.2,65.22 1 0
config/source/aliyun-oss/client.go:62.21,64.3 1 0
config/source/aliyun-oss/client.go:68.74,70.16 2 0
config/source/aliyun-oss/client.go:74.2,74.45 1 0
config/source/aliyun-oss/client.go:70.16,72.3 1 0
config/source/github/client.go:25.35,37.2 2 0
config/source/github/client.go:39.51,40.18 1 0
config/source/github/client.go:43.2,43.19 1 0
config/source/github/client.go:40.18,42.3 1 0
config/source/github/client.go:46.74,48.16 2 0
config/source/github/client.go:52.2,52.45 1 0
config/source/github/client.go:48.16,50.3 1 0
config/parser.go:15.37,16.11 1 1
config/parser.go:17.18,18.32 1 0
config/parser.go:19.10,20.34 1 1
config/source/aliyun-oss/file.go:3.72,5.2 1 0
config/source/aliyun-oss/file.go:7.70,9.2 1 0
